*****************************************************
enrBEGe-K40_1460
-----------------------------------------------------
fit range:            1440.0 - 1480.0 keV
binning:                          1.0 keV
p-val:                           0.00
-----------------------------------------------------
peakPos:   1460.00 ->    0.00 +- 0.00 keV
FWHM:         2.72 ->    2.72 +- 0.00 keV
mode:          885.99 +  0.08 -  0.23 cts (68%)
90% quant:                     886.17 cts 
-----------------------------------------------------
count rate:    885.99 +  0.08 -  0.23 cts/kg/yr (68%)
count rate:    885.99 +  0.20 -  0.23 cts/kg/yr (95%)
count rate:    885.99 +  0.22 -  0.23 cts/kg/yr (99.7%)
< 886.17 cts (90%)
*****************************************************

*****************************************************
enrBEGe-K40_1460
-----------------------------------------------------
fit range:            1440.0 - 1480.0 keV
binning:                          1.0 keV
p-val:                           0.00
-----------------------------------------------------
peakPos:   1460.00 ->    0.00 +- 0.00 keV
FWHM:         2.72 ->    2.72 +- 0.00 keV
mode:         1599.10 + 162.05 - 1356.14 cts (68%)
90% quant:                    2038.53 cts 
-----------------------------------------------------
count rate:   1599.10 + 162.05 - 1356.14 cts/kg/yr (68%)
count rate:   1599.10 + 654.68 - 1480.23 cts/kg/yr (95%)
count rate:   1599.10 + 648.99 - 1599.10 cts/kg/yr (99.7%)
< 2038.53 cts (90%)
*****************************************************

*****************************************************
enrBEGe-K42_1525
-----------------------------------------------------
fit range:            1505.0 - 1545.0 keV
binning:                          1.0 keV
p-val:                           0.00
-----------------------------------------------------
peakPos:   1525.00 ->    0.00 +- 0.00 keV
FWHM:         2.75 ->    2.75 +- 0.00 keV
mode:         1969.46 +  0.13 -  0.36 cts (68%)
90% quant:                    1969.74 cts 
-----------------------------------------------------
count rate:   1969.46 +  0.13 -  0.36 cts/kg/yr (68%)
count rate:   1969.46 +  0.32 -  0.36 cts/kg/yr (95%)
count rate:   1969.46 +  0.35 -  0.36 cts/kg/yr (99.7%)
< 1969.74 cts (90%)
*****************************************************

*****************************************************
enrBEGe-K40_1460
-----------------------------------------------------
fit range:            1440.0 - 1480.0 keV
binning:                          1.0 keV
p-val:                           0.00
-----------------------------------------------------
peakPos:   1460.00 ->    0.00 +- 0.00 keV
FWHM:         2.72 ->    2.72 +- 0.00 keV
mode:         1524.27 + 636.71 - 842.71 cts (68%)
90% quant:                    2025.00 cts 
-----------------------------------------------------
count rate:   1524.27 + 636.71 - 842.71 cts/kg/yr (68%)
count rate:   1524.27 + 705.00 - 1412.48 cts/kg/yr (95%)
count rate:   1524.27 + 729.56 - 1510.80 cts/kg/yr (99.7%)
< 2025.00 cts (90%)
*****************************************************

*****************************************************
enrBEGe-Kr85_514
-----------------------------------------------------
fit range:             494.0 -  534.0 keV
binning:                          1.0 keV
p-val:                           0.00
-----------------------------------------------------
peakPos:    514.00 ->    0.00 +- 0.00 keV
FWHM:         2.27 ->    2.27 +- 0.00 keV
mode:          102.86 + 433.26 - 24.76 cts (68%)
90% quant:                     628.28 cts 
-----------------------------------------------------
count rate:    102.86 + 433.26 - 24.76 cts/kg/yr (68%)
count rate:    102.86 + 566.42 - 99.25 cts/kg/yr (95%)
count rate:    102.86 + 599.09 - 99.22 cts/kg/yr (99.7%)
< 628.28 cts (90%)
-----------------------------------------------------
peakPos:    511.00 ->    0.00 +- 0.00 keV
FWHM:         2.27 ->    2.27 +- 0.00 keV
mode:          424.23 + 136.13 - 259.91 cts (68%)
90% quant:                     530.33 cts 
-----------------------------------------------------
count rate:    424.23 + 136.13 - 259.91 cts/kg/yr (68%)
count rate:    424.23 + 148.42 - 409.16 cts/kg/yr (95%)
count rate:    424.23 + 166.72 - 421.52 cts/kg/yr (99.7%)
< 530.33 cts (90%)
*****************************************************

*****************************************************
enrBEGe-Kr85_514
-----------------------------------------------------
fit range:             494.0 -  534.0 keV
binning:                          1.0 keV
p-val:                           0.00
-----------------------------------------------------
peakPos:    514.00 ->    0.00 +- 0.00 keV
FWHM:         2.27 ->    2.27 +- 0.00 keV
mode:          132.87 + 366.01 - 101.20 cts (68%)
90% quant:                     627.29 cts 
-----------------------------------------------------
count rate:    132.87 + 366.01 - 101.20 cts/kg/yr (68%)
count rate:    132.87 + 569.54 - 95.32 cts/kg/yr (95%)
count rate:    132.87 + 568.18 - 132.73 cts/kg/yr (99.7%)
< 627.29 cts (90%)
-----------------------------------------------------
peakPos:    511.00 ->    0.00 +- 0.00 keV
FWHM:         2.27 ->    2.27 +- 0.00 keV
mode:          571.96 + -176.47 - 570.40 cts (68%)
90% quant:                     530.15 cts 
-----------------------------------------------------
count rate:    571.96 + -176.47 - 570.40 cts/kg/yr (68%)
count rate:    571.96 + 11.78 - 547.55 cts/kg/yr (95%)
count rate:    571.96 + 17.90 - 570.31 cts/kg/yr (99.7%)
< 530.15 cts (90%)
-----------------------------------------------------
peakPos:    510.77 ->    0.00 +- 0.00 keV
FWHM:         2.27 ->    2.27 +- 0.00 keV
mode:           32.48 + 368.90 - 29.17 cts (68%)
90% quant:                     532.43 cts 
-----------------------------------------------------
count rate:     32.48 + 368.90 - 29.17 cts/kg/yr (68%)
count rate:     32.48 + 529.72 - 31.54 cts/kg/yr (95%)
count rate:     32.48 + 557.74 - 31.51 cts/kg/yr (99.7%)
< 532.43 cts (90%)
*****************************************************

*****************************************************
enrBEGe-Pa_468
-----------------------------------------------------
fit range:             448.0 -  488.0 keV
binning:                          1.0 keV
p-val:                           0.08
-----------------------------------------------------
peakPos:    468.00 ->    0.00 +- 0.00 keV
FWHM:         2.24 ->    2.24 +- 0.00 keV
mode:          447.41 + -43.12 - 391.09 cts (68%)
90% quant:                     465.97 cts 
-----------------------------------------------------
count rate:    447.41 + -43.12 - 391.09 cts/kg/yr (68%)
count rate:    447.41 + 49.79 - 439.48 cts/kg/yr (95%)
count rate:    447.41 + 73.70 - 445.22 cts/kg/yr (99.7%)
< 465.97 cts (90%)
*****************************************************

*****************************************************
enrBEGe-Tl208_510
-----------------------------------------------------
fit range:             490.0 -  530.0 keV
binning:                          1.0 keV
p-val:                           0.00
-----------------------------------------------------
peakPos:    510.77 ->    0.00 +- 0.00 keV
FWHM:         2.27 ->    2.27 +- 0.00 keV
mode:          139.13 + 304.91 - 83.82 cts (68%)
90% quant:                     524.80 cts 
-----------------------------------------------------
count rate:    139.13 + 304.91 - 83.82 cts/kg/yr (68%)
count rate:    139.13 + 422.38 - 132.86 cts/kg/yr (95%)
count rate:    139.13 + 448.58 - 138.84 cts/kg/yr (99.7%)
< 524.80 cts (90%)
-----------------------------------------------------
peakPos:    511.00 ->    0.00 +- 0.00 keV
FWHM:         2.27 ->    2.27 +- 0.00 keV
mode:          574.89 + -178.20 - 574.89 cts (68%)
90% quant:                     525.55 cts 
-----------------------------------------------------
count rate:    574.89 + -178.20 - 574.89 cts/kg/yr (68%)
count rate:    574.89 + -14.07 - 574.89 cts/kg/yr (95%)
count rate:    574.89 + 13.29 - 574.88 cts/kg/yr (99.7%)
< 525.55 cts (90%)
-----------------------------------------------------
peakPos:    514.00 ->    0.00 +- 0.00 keV
FWHM:         2.27 ->    2.27 +- 0.00 keV
mode:          345.87 + 355.50 - 105.83 cts (68%)
90% quant:                     637.18 cts 
-----------------------------------------------------
count rate:    345.87 + 355.50 - 105.83 cts/kg/yr (68%)
count rate:    345.87 + 355.68 - 306.99 cts/kg/yr (95%)
count rate:    345.87 + 355.31 - 345.43 cts/kg/yr (99.7%)
< 637.18 cts (90%)
*****************************************************

*****************************************************
enrBEGe-Kr85_514
-----------------------------------------------------
fit range:             494.0 -  534.0 keV
binning:                          1.0 keV
p-val:                           0.87
-----------------------------------------------------
peakPos:    514.00 ->  514.00 +- 0.00 keV
FWHM:         2.27 ->    2.27 +- 0.00 keV
mode:          180.23 + 22.83 - 26.69 cts (68%)
90% quant:                     205.28 cts 
-----------------------------------------------------
count rate:    180.23 + 22.83 - 26.69 cts/kg/yr (68%)
count rate:    180.23 + 42.75 - 51.36 cts/kg/yr (95%)
count rate:    180.23 + 64.27 - 74.13 cts/kg/yr (99.7%)
< 205.28 cts (90%)
-----------------------------------------------------
peakPos:    511.00 ->  511.00 +- 0.00 keV
FWHM:         2.27 ->    2.27 +- 0.00 keV
mode:           36.27 + 27.15 - 28.81 cts (68%)
90% quant:                      86.38 cts 
-----------------------------------------------------
count rate:     36.27 + 27.15 - 28.81 cts/kg/yr (68%)
count rate:     36.27 + 58.59 - 35.09 cts/kg/yr (95%)
count rate:     36.27 + 96.24 - 35.10 cts/kg/yr (99.7%)
< 86.38 cts (90%)
-----------------------------------------------------
peakPos:    510.77 ->  510.77 +- 0.00 keV
FWHM:         2.27 ->    2.27 +- 0.00 keV
mode:           42.54 + 12.68 - 41.00 cts (68%)
90% quant:                      83.57 cts 
-----------------------------------------------------
count rate:     42.54 + 12.68 - 41.00 cts/kg/yr (68%)
count rate:     42.54 + 53.24 - 40.99 cts/kg/yr (95%)
count rate:     42.54 + 81.77 - 41.95 cts/kg/yr (99.7%)
< 83.57 cts (90%)
*****************************************************

*****************************************************
enrBEGe-Pa_468
-----------------------------------------------------
fit range:             448.0 -  488.0 keV
binning:                          1.0 keV
p-val:                           0.06
-----------------------------------------------------
peakPos:    468.00 ->  468.00 +- 0.00 keV
FWHM:         2.24 ->    2.24 +- 0.00 keV
mode:            2.67 + 26.70 -  0.86 cts (68%)
90% quant:                      44.56 cts 
-----------------------------------------------------
count rate:      2.67 + 26.70 -  0.86 cts/kg/yr (68%)
count rate:      2.67 + 49.97 -  2.67 cts/kg/yr (95%)
count rate:      2.67 + 76.11 -  2.67 cts/kg/yr (99.7%)
< 44.56 cts (90%)
*****************************************************

*****************************************************
enrBEGe-Kr85_514
-----------------------------------------------------
fit range:             494.0 -  534.0 keV
binning:                          1.0 keV
p-val:                           0.87
-----------------------------------------------------
peakPos:    514.00 ->  514.00 +- 0.00 keV
FWHM:         2.27 ->    2.27 +- 0.00 keV
mode:          177.42 + 18.60 - 30.02 cts (68%)
90% quant:                     203.43 cts 
-----------------------------------------------------
count rate:    177.42 + 18.60 - 30.02 cts/kg/yr (68%)
count rate:    177.42 + 46.09 - 50.65 cts/kg/yr (95%)
count rate:    177.42 + 66.11 - 69.93 cts/kg/yr (99.7%)
< 203.43 cts (90%)
-----------------------------------------------------
peakPos:    511.00 ->  511.00 +- 0.00 keV
FWHM:         2.27 ->    2.27 +- 0.00 keV
mode:           22.19 + 32.55 - 20.63 cts (68%)
90% quant:                      84.65 cts 
-----------------------------------------------------
count rate:     22.19 + 32.55 - 20.63 cts/kg/yr (68%)
count rate:     22.19 + 74.61 - 21.92 cts/kg/yr (95%)
count rate:     22.19 + 96.69 - 21.95 cts/kg/yr (99.7%)
< 84.65 cts (90%)
-----------------------------------------------------
peakPos:    510.77 ->  510.77 +- 0.00 keV
FWHM:         2.27 ->    2.27 +- 0.00 keV
mode:           14.02 + 58.63 -  1.68 cts (68%)
90% quant:                      86.44 cts 
-----------------------------------------------------
count rate:     14.02 + 58.63 -  1.68 cts/kg/yr (68%)
count rate:     14.02 + 85.45 - 13.90 cts/kg/yr (95%)
count rate:     14.02 + 121.59 - 13.90 cts/kg/yr (99.7%)
< 86.44 cts (90%)
*****************************************************

*****************************************************
enrBEGe-Pa_468
-----------------------------------------------------
fit range:             448.0 -  488.0 keV
binning:                          1.0 keV
p-val:                           0.08
-----------------------------------------------------
peakPos:    468.00 ->  468.00 +- 0.00 keV
FWHM:         2.24 ->    2.24 +- 0.00 keV
mode:            7.16 + 20.85 -  6.76 cts (68%)
90% quant:                      42.83 cts 
-----------------------------------------------------
count rate:      7.16 + 20.85 -  6.76 cts/kg/yr (68%)
count rate:      7.16 + 43.64 -  7.14 cts/kg/yr (95%)
count rate:      7.16 + 62.77 -  7.16 cts/kg/yr (99.7%)
< 42.83 cts (90%)
*****************************************************

*****************************************************
enrBEGe-Tl208_510
-----------------------------------------------------
fit range:             490.0 -  530.0 keV
binning:                          1.0 keV
p-val:                           0.79
-----------------------------------------------------
peakPos:    510.77 ->  510.77 +- 0.00 keV
FWHM:         2.27 ->    2.27 +- 0.00 keV
mode:           32.11 + 29.26 - 24.51 cts (68%)
90% quant:                      79.79 cts 
-----------------------------------------------------
count rate:     32.11 + 29.26 - 24.51 cts/kg/yr (68%)
count rate:     32.11 + 61.39 - 32.11 cts/kg/yr (95%)
count rate:     32.11 + 89.52 - 32.11 cts/kg/yr (99.7%)
< 79.79 cts (90%)
-----------------------------------------------------
peakPos:    511.00 ->  511.00 +- 0.00 keV
FWHM:         2.27 ->    2.27 +- 0.00 keV
mode:            0.77 + 55.61 -  0.41 cts (68%)
90% quant:                      85.91 cts 
-----------------------------------------------------
count rate:      0.77 + 55.61 -  0.41 cts/kg/yr (68%)
count rate:      0.77 + 92.17 -  0.41 cts/kg/yr (95%)
count rate:      0.77 + 127.83 -  0.65 cts/kg/yr (99.7%)
< 85.91 cts (90%)
-----------------------------------------------------
peakPos:    514.00 ->  514.00 +- 0.00 keV
FWHM:         2.27 ->    2.27 +- 0.00 keV
mode:          179.71 + 13.83 - 28.19 cts (68%)
90% quant:                     203.25 cts 
-----------------------------------------------------
count rate:    179.71 + 13.83 - 28.19 cts/kg/yr (68%)
count rate:    179.71 + 41.47 - 48.11 cts/kg/yr (95%)
count rate:    179.71 + 55.91 - 77.74 cts/kg/yr (99.7%)
< 203.25 cts (90%)
*****************************************************

*****************************************************
enrBEGe-Tl208_583
-----------------------------------------------------
fit range:             563.0 -  603.0 keV
binning:                          1.0 keV
p-val:                           0.03
-----------------------------------------------------
peakPos:    583.20 ->  583.20 +- 0.00 keV
FWHM:         2.30 ->    2.30 +- 0.00 keV
mode:           86.99 + 19.86 - 22.17 cts (68%)
90% quant:                     112.67 cts 
-----------------------------------------------------
count rate:     86.99 + 19.86 - 22.17 cts/kg/yr (68%)
count rate:     86.99 + 41.09 - 47.31 cts/kg/yr (95%)
count rate:     86.99 + 66.61 - 70.25 cts/kg/yr (99.7%)
< 112.67 cts (90%)
*****************************************************

*****************************************************
enrBEGe-annih_511
-----------------------------------------------------
fit range:             491.0 -  531.0 keV
binning:                          1.0 keV
p-val:                           0.90
-----------------------------------------------------
peakPos:    511.00 ->  511.00 +- 0.00 keV
FWHM:         2.27 ->    2.27 +- 0.00 keV
mode:           31.55 + 38.27 - 17.88 cts (68%)
90% quant:                      84.93 cts 
-----------------------------------------------------
count rate:     31.55 + 38.27 - 17.88 cts/kg/yr (68%)
count rate:     31.55 + 64.52 - 31.20 cts/kg/yr (95%)
count rate:     31.55 + 90.05 - 31.19 cts/kg/yr (99.7%)
< 84.93 cts (90%)
-----------------------------------------------------
peakPos:    510.77 ->  510.77 +- 0.00 keV
FWHM:         2.27 ->    2.27 +- 0.00 keV
mode:            3.95 + 49.12 -  3.48 cts (68%)
90% quant:                      77.78 cts 
-----------------------------------------------------
count rate:      3.95 + 49.12 -  3.48 cts/kg/yr (68%)
count rate:      3.95 + 85.06 -  3.48 cts/kg/yr (95%)
count rate:      3.95 + 125.00 -  3.48 cts/kg/yr (99.7%)
< 77.78 cts (90%)
-----------------------------------------------------
peakPos:    514.00 ->  514.00 +- 0.00 keV
FWHM:         2.27 ->    2.27 +- 0.00 keV
mode:          150.45 + 52.95 -  0.62 cts (68%)
90% quant:                     209.53 cts 
-----------------------------------------------------
count rate:    150.45 + 52.95 -  0.62 cts/kg/yr (68%)
count rate:    150.45 + 78.59 - 27.40 cts/kg/yr (95%)
count rate:    150.45 + 101.95 - 44.79 cts/kg/yr (99.7%)
< 209.53 cts (90%)
*****************************************************

*****************************************************
enrBEGe-Pa_468
-----------------------------------------------------
fit range:             448.0 -  488.0 keV
binning:                          1.0 keV
p-val:                           0.27
-----------------------------------------------------
peakPos:    468.00 ->  468.00 +- 0.00 keV
FWHM:         2.24 ->    2.24 +- 0.00 keV
mode:           18.13 +  9.98 - 17.00 cts (68%)
90% quant:                      45.13 cts 
-----------------------------------------------------
count rate:     18.13 +  9.98 - 17.00 cts/kg/yr (68%)
count rate:     18.13 + 34.71 - 18.13 cts/kg/yr (95%)
count rate:     18.13 + 61.76 - 18.13 cts/kg/yr (99.7%)
< 45.13 cts (90%)
*****************************************************

*****************************************************
enrBEGe-Tl208_510
-----------------------------------------------------
fit range:             490.0 -  530.0 keV
binning:                          1.0 keV
p-val:                           0.00
-----------------------------------------------------
peakPos:    510.77 ->  510.77 +- 0.00 keV
FWHM:         2.27 ->    2.27 +- 0.00 keV
mode:           81.26 + 21.18 - 25.86 cts (68%)
90% quant:                     112.09 cts 
-----------------------------------------------------
count rate:     81.26 + 21.18 - 25.86 cts/kg/yr (68%)
count rate:     81.26 + 44.76 - 46.90 cts/kg/yr (95%)
count rate:     81.26 + 74.45 - 60.09 cts/kg/yr (99.7%)
< 112.09 cts (90%)
*****************************************************

*****************************************************
enrBEGe-Tl208_583
-----------------------------------------------------
fit range:             563.0 -  603.0 keV
binning:                          1.0 keV
p-val:                           0.08
-----------------------------------------------------
peakPos:    583.20 ->  583.20 +- 0.00 keV
FWHM:         2.30 ->    2.30 +- 0.00 keV
mode:          459.30 +  0.02 -  0.07 cts (68%)
90% quant:                     459.35 cts 
-----------------------------------------------------
count rate:    459.30 +  0.02 -  0.07 cts/kg/yr (68%)
count rate:    459.30 +  0.06 -  0.07 cts/kg/yr (95%)
count rate:    459.30 +  0.07 -  0.07 cts/kg/yr (99.7%)
< 459.35 cts (90%)
*****************************************************

